```cpp
// AI-Generated Mock Test Suite for source_file using Google Test
Module Type
// Created by PolyTest AI (Offline Mock Mode)

#include <gtest/gtest.h>
#include <gmock/gmock.h>
#include "source_file"

using namespace testing;

TEST(calculateTest, HappyPath) {
    // Arrange
    // Act
    // auto result = calculate();
    // Assert
    EXPECT_TRUE(true);
}

TEST(calculateTest, EdgeCases) {
    // Verify boundaries, zeros, and overflows
    EXPECT_TRUE(true);
}

class MyServiceTestFixture : public Test {
protected:
    void SetUp() override {
        // Setup class under test
    }

    void TearDown() override {
        // Cleanup resources
    }
};

TEST_F(MyServiceTestFixture, VerifyInstantiationAndSetup) {
    MyService testInstance;
    EXPECT_NE(&testInstance, nullptr);
}

TEST_F(MyServiceTestFixture, ExecutionLogicFlow) {
    // Arrange
    // Act
    // Assert
    EXPECT_TRUE(true);
}

```