
Here's the JSON output:
```json
{
  "file_name": "AuthController.h",
  "component": "Controller",
  "summary": "Provides endpoints for registering and logging in users.",
  "testability_score": {
    "score": 7,
    "justification": "The code includes dependency injection and separation of concerns through the use of a separate UserWithToken struct."
  },
  "suggested_test_cases": [
    "Test if registerUser() returns HTTP status code 201 on successful registration.",
    "Test if loginUser() returns HTTP status code 200 on successful login.",
    "Test if the correct error message is returned when a user tries to register with an already existing username.",
    "Test if the correct error message is returned when a user tries to log in with invalid credentials."
  ],
  "estimated_line_coverage": "85%",
  "potential_issues": [
    "Global variable usage can cause state leaks during tests"
  ],
  "recommendations": [
    "Extract dependency injection for better testability.",
    "Add more test cases to cover edge cases and increase code coverage."
  ]
}
```