
Here is the static code analysis report for the provided C++ source file:

```json
{
  "file_name": "AuthController.cc",
  "component": "Controller",
  "summary": "A controller that handles user registration and login.",
  "testability_score": {
    "score": 9,
    "justification": "The code is well-structured, with clear separation of concerns between the controller and database interactions. The use of dependency injection for the database client reduces tight coupling and improves testability."
  },
  "suggested_test_cases": [
    {
      "description": "Test that the registerUser method returns a 400 Bad Request response when missing fields are provided.",
      "expected_results": "The request should be rejected with a 400 Bad Request status code and an error message indicating which field is missing."
    },
    {
      "description": "Test that the registerUser method returns a 201 Created response when valid fields are provided.",
      "expected_results": "The request should be accepted with a 201 Created status code and a JSON object containing the user's username, ID, and authentication token."
    },
    {
      "description": "Test that the loginUser method returns a 400 Bad Request response when missing fields are provided.",
      "expected_results": "The request should be rejected with a 400 Bad Request status code and an error message indicating which field is missing."
    },
    {
      "description": "Test that the loginUser method returns a 401 Unauthorized response when invalid credentials are provided.",
      "expected_results": "The request should be rejected with a 401 Unauthorized status code and an error message indicating that the username and password do not match."
    },
    {
      "description": "Test that the loginUser method returns a 200 OK response when valid credentials are provided.",
      "expected_results": "The request should be accepted with a 200 OK status code and a JSON object containing the user's username, ID, and authentication token."
    }
  ],
  "estimated_line_coverage": "85%",
  "potential_issues": [
    "Global variable usage can cause state leaks during tests"
  ],
  "recommendations": [
    "Refactor the registerUser and loginUser methods to use dependency injection for the database client instead of hardcoding it.",
    "Add additional test cases to cover corner cases, such as invalid or missing credentials."
  ]
}
```

The report includes a score of 9 for testability, indicating that the code is well-structured and easy to test. The use of dependency injection for the database client reduces tight coupling and improves testability. The controller's methods are also modularized into separate functions with clear names, making it easier to test each function independently.

The estimated line coverage is 85%, indicating that most lines in the code are covered by tests. However, there may be some minor gaps in testing, particularly in the loginUser method.

One potential issue mentioned in the report is global variable usage, which can cause state leaks during tests. This issue can be addressed by refactoring the registerUser and loginUser methods to use dependency injection for the database client instead of hardcoding it. Additionally, additional test cases can be added to cover corner cases, such as invalid or missing credentials.