Here is the static code analysis report in strict JSON format:

{
"file_name": "DepartmentsController.h",
"component": "Controller",
"summary": "This file defines a controller for managing departments.",
"testability_score": {
"score": 8,
"justification": "The controller class has a clear structure and is relatively tightly coupled to the model and service classes, which makes it easier to test."
},
"suggested_test_cases": [
"Test that GET /departments returns a list of all departments",
"Test that GET /departments/{id} returns a single department with the given id",
"Test that POST /departments creates a new department and returns its location in the response header",
"Test that PUT /departments/{id} updates an existing department and returns a success message in the response body",
"Test that DELETE /departments/{id} deletes an existing department and returns a success message in the response body",
"Test that GET /departments/{id}/persons returns a list of all persons in the given department"
],
"estimated_line_coverage": "90%",
"potential_issues": [
"Global variable usage can cause state leaks during tests."
],
"recommendations": [
"Refactor or testing recommendations: Extract dependency injection for better testability.",
"Improve code quality by using consistent naming conventions and reducing duplicated code."
]
}