Here is the JSON report for `DepartmentsController.cc`:

{
"file_name": "DepartmentsController.cc",
"component": "Controller",
"summary": "Provides CRUD operations on departments.",
"testability_score": {
"score": 8,
"justification": "The code is well-structured with proper separation of concerns, and it uses dependency injection to allow for easy testing."
},
"suggested_test_cases": [
"Test case 1: Verify that the controller can handle valid HTTP GET requests for departments.",
"Test case 2: Verify that the controller can handle valid HTTP POST requests for creating new departments.",
"Test case 3: Verify that the controller can handle valid HTTP PUT requests for updating existing departments.",
"Test case 4: Verify that the controller can handle valid HTTP DELETE requests for deleting departments.",
"Test case 5: Verify that the controller can handle invalid HTTP GET/POST/PUT/DELETE requests gracefully."
],
"estimated_line_coverage": "90%",
"potential_issues": [
"Global variable usage can cause state leaks during tests."
],
"recommendations": [
"Refactor the code to remove global variables and replace them with parameters or member variables of the class.",
"Add unit tests for the controller methods to ensure proper functionality and coverage of edge cases."
]
}