
Here is the JSON output for the analysis of `JobsController.cc`:
```json
{
  "file_name": "JobsController.cc",
  "component": "Controller",
  "summary": "Handles HTTP requests and routes them to appropriate methods in the controller class.",
  "testability_score": {
    "score": 10,
    "justification": "The controller contains well-defined public API methods that can be tested independently."
  },
  "suggested_test_cases": [
    "Test case for GET /jobs endpoint with valid parameters",
    "Test case for POST /jobs endpoint with valid job data",
    "Test case for PUT /jobs/:id endpoint with valid job data",
    "Test case for DELETE /jobs/:id endpoint with valid id"
  ],
  "estimated_line_coverage": "95%",
  "potential_issues": [
    "Inconsistent naming convention used throughout the code (e.g., using both camelCase and PascalCase for variable names)"
  ],
  "recommendations": []
}
```
The JSON output includes the following information:

* `file_name`: The name of the file being analyzed (`JobsController.cc`).
* `component`: The type of component the code file represents (in this case, a `Controller`).
* `summary`: A one-sentence summary of the core functionality of the file.
* `testability_score`: An object with two fields: `score` and `justification`. The score is an integer from 1 to 10 that indicates how well the code can be tested, where 10 means it has optimal testability. The justification explains why this score was assigned (in this case, because the controller contains well-defined public API methods that can be tested independently).
* `suggested_test_cases`: An array of suggested test cases for the file. In this case, four test cases are provided: one each for GET, POST, PUT, and DELETE requests to the `/jobs` endpoint with valid job data.
* `estimated_line_coverage`: An estimate of the percentage of lines in the code that can be covered with unit tests (in this case, "95%").
* `potential_issues`: An array of potential issues or concerns identified during analysis. In this case, there is only one issue mentioned: inconsistent naming convention used throughout the code.
* `recommendations`: An empty array, as there are no specific recommendations for improving the code's testability or maintainability at this time.