
Based on the provided code, here is a comprehensive static code analysis report in JSON format for the `JwtPlugin.h` file:

{
"file_name": "JwtPlugin.h",
"component": "Service",
"summary": "This header file defines a class that serves as a plugin for the JWT authentication feature.",
"testability_score": {
"score": 7,
"justification": "The class is testable because it has a well-defined interface and is composed of independent modules with minimal dependencies. However, some members are not unit-tested, such as the 'config' field."
},
"suggested_test_cases": [
"Test case 1: Verify that the init() method properly initializes the JwtPlugin object.",
"Test case 2: Test the shutdown() method to ensure it shuts down the plugin correctly.",
"Test case 3: Check that the config field is properly initialized and set during initialization."
],
"estimated_line_coverage": "85%",
"potential_issues": [
"Global variable usage can cause state leaks during tests."
],
"recommendations": [
"Refactor or testing recommendations: Extract dependency injection for better testability.",
"Additional suggestions: Implement unit tests for the remaining members of the class, including the 'config' field."
]
}

The report highlights that the code is mostly well-structured and follows best practices. However, some potential issues such as global variable usage were identified, and recommendations are provided to improve testability and code quality. The estimated line coverage is also mentioned as 85%.