{
"file_name": "JwtPlugin.cc",
"component": "Controller",
"summary": "A C++ file that defines a class for generating and verifying JSON Web Tokens (JWTs).",
"testability_score": {
"score": 6,
"justification": "The class is well-structured with separate methods for initialization, shutdown, and token generation/validation. The dependency injection of the config object makes it easy to mock dependencies for testing."
},
"suggested_test_cases": [
"Test case: Verify that the JwtPlugin constructor initializes the class variables correctly.",
"Test case: Verify that the init() method returns a valid Jwt object with the correct secret, session time, and issuer properties.",
"Test case: Verify that the shutdown() method logs a debug message indicating successful shutdown of the JwtPlugin."
],
"estimated_line_coverage": "85%",
"potential_issues": [
"Global variable usage can cause state leaks during tests."
],
"recommendations": [
"Refactor the class to use dependency injection for better testability.",
"Add a constructor that takes the config object as an argument and allows for easier mocking of dependencies during testing."
]
}