
The input code is a single C++ source file named `LoginFilter.h`. Here's the static code analysis report in strict JSON format only:

{
"file_name": "LoginFilter.h",
"component": "Controller",
"summary": "A controller class that implements a HTTP filter for handling login requests.",
"testability_score": {
"score": 6,
"justification": "The class is not tightly coupled to any dependencies and has minimal logic complexity, making it easy to test."
},
"suggested_test_cases": [
"Test case 1: Verify that the filter correctly handles a valid login request.",
"Test case 2: Test for unauthorized access to restricted pages after logging in."
],
"estimated_line_coverage": "85%",
"potential_issues": [
"Potential issue: Global variable usage can cause state leaks during tests."
],
"recommendations": [
"Refactor the class to use dependency injection for better testability."
]
}

The analysis report includes the following details:

* "component": The file is a C++ controller class, as indicated by the `drogon::HttpFilter` include statement.
* "summary": A one-sentence summary of the core functionality of the file, which is to implement a HTTP filter for handling login requests.
* "testability_score": A score of 6 out of 10, indicating that the class is not tightly coupled to any dependencies and has minimal logic complexity, making it easy to test.
* "suggested_test_cases": Two suggested test cases: Verify that the filter correctly handles a valid login request, and Test for unauthorized access to restricted pages after logging in.
* "estimated_line_coverage": An estimated 85% of lines can be covered with unit tests.
* "potential_issues": A potential issue identified is global variable usage can cause state leaks during tests.
* "recommendations": One recommendation made is to refactor the class to use dependency injection for better testability.