
Here is the analysis of the provided C++ source file `LoginFilter.cc`:

{
"file_name": "LoginFilter.cc",
"component": "Controller",
"summary": "This code defines a LoginFilter class that filters HTTP requests based on JWT authentication.",
"testability_score": {
"score": 6,
"justification": "The file includes a unit test class named LoginFilterTest, which provides test cases for the filter function."
},
"suggested_test_cases": [
"Test that the filter function returns a response with status code 400 when an Authorization header is not provided.",
"Test that the filter function returns a response with status code 400 when the JWT token cannot be decoded.",
"Test that the filter function returns a response with status code 500 when there is an exception during JWT token verification."
],
"estimated_line_coverage": "70%",
"potential_issues": [
"Global variable usage can cause state leaks during tests.",
"Direct dependency on drogon::app() for plugin initialization may make testing challenging."
],
"recommendations": [
"Refactor the code to use dependency injection instead of direct access to drogon::app().",
"Extract the JWTPlugin instance into a variable for better testability."
]
}