{
"file_name": "main.cc",
"component": "Controller",
"summary": "The primary entry point for the application, which loads configuration and starts the web server.",
"testability_score": {
"score": 8,
"justification": "The code is relatively simple and easy to test, with no tight coupling or complex logic. The use of dependency injection makes it easy to substitute mocked dependencies for testing purposes."
},
"suggested_test_cases": [
{
"description": "Verify that the config file can be loaded successfully.",
"justification": "This test case ensures that the application can read and parse the configuration file correctly, which is a critical component of its functionality."
}
],
"estimated_line_coverage": "90%",
"potential_issues": [],
"recommendations": [
{
"description": "Extract dependency injection for better testability.",
"justification": "This will make it easier to swap out dependencies with mocks during testing, improving the overall testability of the code."
},
{
"description": "Add unit tests for edge cases and error handling.",
"justification": "This will help ensure that the application behaves correctly in unexpected scenarios and can handle errors gracefully."
}
]
}