
Here's a static code analysis report for the provided C++ source file `PersonsController.h`:

{
"file_name": "PersonsController.h",
"component": "Controller",
"summary": "A RESTful API controller that handles CRUD operations on Person records.",
"testability_score": {
"score": 8,
"justification": "The controller is well-structured and follows the clean architecture pattern, with clear separation of concerns between the domain model and the external interface. The dependencies are injected using dependency injection principles, making it easy to test individual components in isolation."
},
"suggested_test_cases": [
"Verify that the get() method returns a valid JSON response for a given Person ID.",
"Verify that the createOne() method creates a new Person record and returns a 201 status code with the new record's ID in the Location header.",
"Verify that the updateOne() method updates an existing Person record and returns a 204 status code upon success.",
"Verify that the deleteOne() method deletes an existing Person record and returns a 204 status code upon success.",
"Verify that the getDirectReports() method returns a valid JSON response for a given Person ID."
],
"estimated_line_coverage": "85%",
"potential_issues": [
"Potential issue: Global variable usage can cause state leaks during tests. The PersonDetails struct should be made immutable by making its members const or using a similar technique to ensure that the struct remains unchanged throughout the test."
],
"recommendations": [
"Refactor the PersonDetails struct to make it immutable and use dependency injection principles to inject the necessary dependencies for testing."
]
}

Overall, this file appears to be well-structured and follows the clean architecture pattern. The controller class is well-organized with clear separation of concerns between the domain model and the external interface. The testability score is high due to the use of dependency injection principles to inject dependencies into the constructor, making it easy to test individual components in isolation. However, there is one potential issue with global variable usage that may cause state leaks during tests. To improve testability, the PersonDetails struct should be made immutable and the necessary dependencies for testing should be injected using dependency injection principles.