Here is the static code analysis report in JSON format:

{
  "file_name": "PersonInfo.cc",
  "component": "Model",
  "summary": "This file defines a PersonInfo class that represents an employee's information, including their ID, job title, department name, manager's full name, and other details.",
  "testability_score": {
    "score": 8,
    "justification": "The code includes the necessary constructors and accessors to allow for dependency injection, which is a common practice in unit testing."
  },
  "suggested_test_cases": [
    "Test that the PersonInfo class can be properly constructed with default values.",
    "Test that the PersonInfo class can be properly constructed with non-default values.",
    "Test that the PersonInfo class can properly set and retrieve its various properties, such as ID, job title, department name, manager's full name, etc.",
    "Test that the PersonInfo class can handle invalid or missing input data gracefully."
  ],
  "estimated_line_coverage": "90%",
  "potential_issues": [],
  "recommendations": [
    "Consider adding more test cases to cover all possible scenarios and edge cases.",
    "Ensure that the code is properly formatted and adheres to coding standards."
  ]
}