```javascript
// AI-Generated Mock Test Suite for source_file using Jest
Module Type
// Created by PolyTest AI (Offline Mock Mode)

const { MyService, calculate } = require('./source_file');

describe('calculate', () => {
  test('should execute happy path successfully', () => {
    // Arrange
    // Act
    // const result = calculate();
    // Assert
    expect(true).toBe(true);
  });

  test('should handle edge cases and boundary parameters', () => {
    // Arrange
    // Act
    expect(true).toBe(true);
  });

  test('should reject malformed or invalid inputs', () => {
    // Arrange
    expect(() => {
      // calculate(null);
    }).toThrow();
  });
});

describe('MyService', () => {
  let instanceMyService;

  beforeEach(() => {
    // Setup mock environment
    instanceMyService = new MyService();
  });

  test('should instantiate successfully with proper lifecycle', () => {
    expect(instanceMyService).toBeDefined();
  });

  test('should perform operations matching class rules', () => {
    // Arrange
    // Act
    // Assert
    expect(true).toBe(true);
  });
});


```