
The provided C++ code is for a single source file named `User.h` that defines a class named `User`. The class represents a model object in a relational database, and its fields correspond to the columns of a table in the database.

Here's a JSON report summarizing the analysis:
```json
{
  "file_name": "User.h",
  "component": "Model",
  "summary": "A model class representing a User.",
  "testability_score": {
    "score": 7,
    "justification": "The class has three fields and is well-organized, with each field having a clear purpose and role in the system."
  },
  "suggested_test_cases": [
    "Test that the constructor initializes the object correctly based on an empty JSON value.",
    "Test that the constructor initializes the object correctly based on a JSON value with all fields set.",
    "Test that the updateByJson() method updates the object correctly based on a JSON value with all fields set.",
    "Test that the updateByMasqueradedJson() method updates the object correctly based on a JSON value with some fields set and others omitted."
  ],
  "estimated_line_coverage": "90%",
  "potential_issues": [
    "Potential issue: The class does not provide any methods for querying or retrieving data from the database.",
    "Potential issue: The class does not provide any methods for updating or modifying data in the database."
  ],
  "recommendations": [
    "Add methods to retrieve and update data from/in the database based on the primary key.",
    "Test the class thoroughly, including testing the new methods for retrieving and updating data."
  ]
}
```
Explanation:

* Component: The file `User.h` is a part of a larger software system that includes other components, such as controllers, models, services, etc. This analysis assumes that it is a model component in the system.
* Summary: A one-sentence summary of the class's purpose and functionality. In this case, it represents a User entity with three fields corresponding to columns in a database table.
* Testability Score: The score indicates how well the code can be tested and validated. In this case, the testability score is 7/10, indicating that there are some potential issues but also opportunities for improvement.
* Suggested Test Cases: Four test cases are suggested to ensure that the class functions correctly and meets its purpose. These include testing the constructor with empty and non-empty JSON values, testing update methods with both complete and incomplete JSON values, and testing retrieval and updating methods based on primary key.
* Estimated Line Coverage: The estimated percentage of lines in the code that can be covered by unit tests is 90%. This suggests that some test cases may need to be written to cover all possible paths through the code.
* Potential Issues: There are two potential issues with the current implementation: lack of methods for querying and updating data from/in the database, and limited testing coverage. These can be addressed by adding methods and testing more thoroughly.
* Recommendations: Two recommendations are provided to address the potential issues: add methods for retrieving and updating data based on primary key, and test the class thoroughly, including testing the new methods.